{
  "stats": {
    "suites": 1,
    "tests": 1,
    "passes": 1,
    "pending": 0,
    "failures": 0,
    "start": "2024-02-27T02:34:07.862Z",
    "end": "2024-02-27T02:34:13.281Z",
    "duration": 5419,
    "testsRegistered": 1,
    "passPercent": 100,
    "pendingPercent": 0,
    "other": 0,
    "hasOther": false,
    "skipped": 0,
    "hasSkipped": false
  },
  "results": [
    {
      "uuid": "3a21edbb-e773-4a50-abb4-01566a41cccb",
      "title": "",
      "fullFile": "cypress\\e2e\\testando.cy.js",
      "file": "cypress\\e2e\\testando.cy.js",
      "beforeHooks": [],
      "afterHooks": [],
      "tests": [],
      "suites": [
        {
          "uuid": "208bdae7-55fa-4d7b-945c-aaee70f03e70",
          "title": "Página de cadastro",
          "fullFile": "",
          "file": "",
          "beforeHooks": [],
          "afterHooks": [],
          "tests": [
            {
              "title": "Preencher os campos do formulário corretamente para cadastrar um novo usuário",
              "fullTitle": "Página de cadastro Preencher os campos do formulário corretamente para cadastrar um novo usuário",
              "timedOut": null,
              "duration": 3337,
              "state": "passed",
              "speed": "fast",
              "pass": true,
              "fail": false,
              "pending": false,
              "context": null,
              "code": "cy.visit('http://localhost:4200/');\ncy.contains('a', 'Register now').click();\ncy.get('[data-test=\"email\"]').type('catarina@email.com.br');\ncy.get('[data-test=\"fullName\"]').type('Catarina Pessoa');\ncy.get('[data-test=\"registerUserName\"]').type('catarinap');\ncy.get('[data-test=\"registerPassword\"]').type('catarina123');\ncy.contains('button', 'Register').click();",
              "err": {},
              "uuid": "342dc876-4748-40c2-83e9-35d704b73352",
              "parentUUID": "208bdae7-55fa-4d7b-945c-aaee70f03e70",
              "isHook": false,
              "skipped": false
            }
          ],
          "suites": [],
          "passes": [
            "342dc876-4748-40c2-83e9-35d704b73352"
          ],
          "failures": [],
          "pending": [],
          "skipped": [],
          "duration": 3337,
          "root": false,
          "rootEmpty": false,
          "_timeout": 2000
        }
      ],
      "passes": [],
      "failures": [],
      "pending": [],
      "skipped": [],
      "duration": 0,
      "root": true,
      "rootEmpty": true,
      "_timeout": 2000
    }
  ],
  "meta": {
    "mocha": {
      "version": "7.0.1"
    },
    "mochawesome": {
      "options": {
        "quiet": false,
        "reportFilename": "mochawesome",
        "saveHtml": true,
        "saveJson": true,
        "consoleReporter": "spec",
        "useInlineDiffs": false,
        "code": true
      },
      "version": "7.1.3"
    },
    "marge": {
      "options": null,
      "version": "6.2.0"
    }
  }
}